<?xml version="1.0" encoding="UTF-8"?>
<robot generator="Robot 6.0.2 (Python 3.10.2 on win32)" generated="20230129 22:24:17.048" rpa="false" schemaversion="3">
<suite id="s1" name="Test" source="C:\Users\aboem\Projects\PyProject\rf-docker\selenium-server-4-robot\test.robot">
<test id="s1-t1" name="TC01" line="7">
<kw name="Open Browser" library="SeleniumLibrary">
<arg>url=https://www.google.com</arg>
<arg>browser=chrome</arg>
<arg>remote_url=http://localhost:4444</arg>
<doc>Opens a new browser instance to the optional ``url``.</doc>
<msg timestamp="20230129 22:24:17.287" level="INFO">Opening browser 'chrome' to base url 'https://www.google.com' through remote server at 'http://localhost:4444'.</msg>
<status status="PASS" starttime="20230129 22:24:17.287" endtime="20230129 22:24:19.531"/>
</kw>
<kw name="Get Title" library="SeleniumLibrary">
<var>${tit}</var>
<doc>Returns the title of the current page.</doc>
<msg timestamp="20230129 22:24:19.549" level="INFO">${tit} = Google</msg>
<status status="PASS" starttime="20230129 22:24:19.532" endtime="20230129 22:24:19.549"/>
</kw>
<kw name="Log To Console" library="BuiltIn">
<arg>${tit}</arg>
<doc>Logs the given message to the console.</doc>
<status status="PASS" starttime="20230129 22:24:19.549" endtime="20230129 22:24:19.550"/>
</kw>
<kw name="Close Browser" library="SeleniumLibrary">
<doc>Closes the current browser.</doc>
<status status="PASS" starttime="20230129 22:24:19.550" endtime="20230129 22:24:19.996"/>
</kw>
<tag>TC01</tag>
<status status="PASS" starttime="20230129 22:24:17.286" endtime="20230129 22:24:19.999"/>
</test>
<status status="PASS" starttime="20230129 22:24:17.050" endtime="20230129 22:24:20.004"/>
</suite>
<statistics>
<total>
<stat pass="1" fail="0" skip="0">All Tests</stat>
</total>
<tag>
<stat pass="1" fail="0" skip="0">TC01</stat>
</tag>
<suite>
<stat pass="1" fail="0" skip="0" id="s1" name="Test">Test</stat>
</suite>
</statistics>
<errors>
</errors>
</robot>
